<?xml version="1.0" encoding="UTF-8"?>
<!-- Generated by org.testng.reporters.JUnitReportReporter -->
<testsuite skipped="0" hostname="SAMLP17080055" name="Academy.validateNavigationBar" tests="1" failures="0" timestamp="16 Sep 2019 08:37:27 GMT" time="0.092" errors="0">
  <testcase name="validateAppNavBar" time="0.092" classname="Academy.validateNavigationBar"/>
</testsuite> <!-- Academy.validateNavigationBar -->
