<?xml version="1.0" encoding="UTF-8"?>
<!-- Generated by org.testng.reporters.JUnitReportReporter -->
<testsuite skipped="0" hostname="SAMLP17080055" name="Academy.HomePage" tests="2" failures="0" timestamp="16 Sep 2019 08:37:27 GMT" time="17.347" errors="0">
  <testcase name="basePageNavigation" time="5.184" classname="Academy.HomePage"/>
  <testcase name="basePageNavigation" time="12.163" classname="Academy.HomePage"/>
</testsuite> <!-- Academy.HomePage -->
