<?xml version="1.0" encoding="UTF-8"?>
<!-- Generated by org.testng.reporters.JUnitReportReporter -->
<testsuite hostname="SAMLP17080055" name="Academy.validateNavigationBar" tests="1" failures="0" timestamp="18 Sep 2019 07:57:29 GMT" time="0.086" errors="0">
  <testcase name="validateAppNavBar" time="0.086" classname="Academy.validateNavigationBar"/>
</testsuite> <!-- Academy.validateNavigationBar -->
