<?xml version="1.0" encoding="UTF-8"?>
<!-- Generated by org.testng.reporters.JUnitReportReporter -->
<testsuite hostname="SAMLP17080055" name="Academy.HomePage" tests="2" failures="0" timestamp="18 Sep 2019 07:57:29 GMT" time="15.905" errors="0">
  <testcase name="basePageNavigation" time="10.978" classname="Academy.HomePage"/>
  <testcase name="basePageNavigation" time="4.927" classname="Academy.HomePage"/>
</testsuite> <!-- Academy.HomePage -->
